<?xml version="1.0" encoding="UTF-8"?>
<!-- Generated by org.testng.reporters.JUnitReportReporter -->
<testsuite skipped="0" hostname="DESKTOP-GC33RJ7" name="com.fp.tests.TC_Google" tests="1" failures="0" timestamp="24 Apr 2019 09:54:55 GMT" time="23.190" errors="0">
  <testcase name="login" time="23.190" classname="com.fp.tests.TC_Google"/>
</testsuite> <!-- com.fp.tests.TC_Google -->
