<?xml version="1.0" encoding="UTF-8"?>
<!-- Generated by org.testng.reporters.JUnitReportReporter -->
<testsuite skipped="0" hostname="DESKTOP-GC33RJ7" name="com.fp.tests.TC2" tests="1" failures="0" timestamp="21 Apr 2019 15:27:31 GMT" time="0.018" errors="0">
  <testcase name="getDonkeySound" time="0.018" classname="com.fp.tests.TC2"/>
</testsuite> <!-- com.fp.tests.TC2 -->
