<?xml version="1.0" encoding="UTF-8"?>
<!-- Generated by org.testng.reporters.JUnitReportReporter -->
<testsuite skipped="0" hostname="DESKTOP-GC33RJ7" name="com.fp.tests.TC1" tests="4" failures="0" timestamp="24 Apr 2019 09:00:38 GMT" time="0.013" errors="0">
  <testcase name="getCatSound" time="0.003" classname="com.fp.tests.TC1"/>
  <testcase name="getCuckooSound" time="0.001" classname="com.fp.tests.TC1"/>
  <testcase name="getDogSound" time="0.007" classname="com.fp.tests.TC1"/>
  <testcase name="getCowSound" time="0.002" classname="com.fp.tests.TC1"/>
</testsuite> <!-- com.fp.tests.TC1 -->
