<?xml version="1.0" encoding="UTF-8"?>
<!-- Generated by org.testng.reporters.JUnitReportReporter -->
<testsuite skipped="1" hostname="DESKTOP-GC33RJ7" name="com.fp.tests.TC_Data" tests="1" failures="0" timestamp="21 Apr 2019 13:56:29 GMT" time="0.000" errors="0">
  <testcase name="login" time="0.000" classname="com.fp.tests.TC_Data">
    <skipped/>
  </testcase> <!-- login -->
</testsuite> <!-- com.fp.tests.TC_Data -->
